# JRE version: Java(TM) SE Runtime Environment (8.0_05-b13) (build 1.8.0_05-b13)
# Java VM: Java HotSpot(TM) 64-Bit Server VM (25.5-b02 mixed mode bsd-amd64 compressed oops)
Heap:
 PSYoungGen      total 14848K, used 4001K [0x0000000795580000, 0x0000000796980000, 0x00000007c0000000)
  eden space 12288K, 11% used [0x0000000795580000,0x00000007956e9cb8,0x0000000796180000)
  from space 2560K, 99% used [0x0000000796500000,0x000000079677ea90,0x0000000796780000)
  to   space 3584K, 0% used [0x0000000796180000,0x0000000796180000,0x0000000796500000)
 ParOldGen       total 129536K, used 4644K [0x0000000740000000, 0x0000000747e80000, 0x0000000795580000)
  object space 129536K, 3% used [0x0000000740000000,0x0000000740489038,0x0000000747e80000)
 Metaspace       used 14998K, capacity 15172K, committed 15488K, reserved 1062912K
  class space    used 2270K, capacity 2328K, committed 2432K, reserved 1048576K
GC Heap History (10 events):
Event: 0.508 GC heap before
{Heap before GC invocations=6 (full 0):
 PSYoungGen      total 2560K, used 2539K [0x0000000795580000, 0x0000000795b80000, 0x00000007c0000000)
  eden space 2048K, 99% used [0x0000000795580000,0x000000079577ee48,0x0000000795780000)
  from space 512K, 96% used [0x0000000795780000,0x00000007957fc020,0x0000000795800000)
  to   space 1024K, 0% used [0x0000000795a80000,0x0000000795a80000,0x0000000795b80000)
 ParOldGen       total 129536K, used 796K [0x0000000740000000, 0x0000000747e80000, 0x0000000795580000)
  object space 129536K, 0% used [0x0000000740000000,0x00000007400c7020,0x0000000747e80000)
 Metaspace       used 5857K, capacity 7098K, committed 7168K, reserved 1056768K
  class space    used 708K, capacity 746K, committed 768K, reserved 1048576K
Event: 0.510 GC heap after
Heap after GC invocations=6 (full 0):
 PSYoungGen      total 5120K, used 744K [0x0000000795580000, 0x0000000795b80000, 0x00000007c0000000)
  eden space 4096K, 0% used [0x0000000795580000,0x0000000795580000,0x0000000795980000)
  from space 1024K, 72% used [0x0000000795a80000,0x0000000795b3a020,0x0000000795b80000)
  to   space 1024K, 0% used [0x0000000795980000,0x0000000795980000,0x0000000795a80000)
 ParOldGen       total 129536K, used 804K [0x0000000740000000, 0x0000000747e80000, 0x0000000795580000)
  object space 129536K, 0% used [0x0000000740000000,0x00000007400c9020,0x0000000747e80000)
 Metaspace       used 5857K, capacity 7098K, committed 7168K, reserved 1056768K
  class space    used 708K, capacity 746K, committed 768K, reserved 1048576K
}
Event: 0.806 GC heap before
{Heap before GC invocations=7 (full 0):
 PSYoungGen      total 5120K, used 4840K [0x0000000795580000, 0x0000000795b80000, 0x00000007c0000000)
  eden space 4096K, 100% used [0x0000000795580000,0x0000000795980000,0x0000000795980000)
  from space 1024K, 72% used [0x0000000795a80000,0x0000000795b3a020,0x0000000795b80000)
  to   space 1024K, 0% used [0x0000000795980000,0x0000000795980000,0x0000000795a80000)
 ParOldGen       total 129536K, used 804K [0x0000000740000000, 0x0000000747e80000, 0x0000000795580000)
  object space 129536K, 0% used [0x0000000740000000,0x00000007400c9020,0x0000000747e80000)
 Metaspace       used 7652K, capacity 8300K, committed 8576K, reserved 1056768K
  class space    used 1008K, capacity 1044K, committed 1152K, reserved 1048576K
Event: 0.809 GC heap after
Heap after GC invocations=7 (full 0):
 PSYoungGen      total 5120K, used 992K [0x0000000795580000, 0x0000000796080000, 0x00000007c0000000)
  eden space 4096K, 0% used [0x0000000795580000,0x0000000795580000,0x0000000795980000)
  from space 1024K, 96% used [0x0000000795980000,0x0000000795a78010,0x0000000795a80000)
  to   space 1536K, 0% used [0x0000000795f00000,0x0000000795f00000,0x0000000796080000)
 ParOldGen       total 129536K, used 1360K [0x0000000740000000, 0x0000000747e80000, 0x0000000795580000)
  object space 129536K, 1% used [0x0000000740000000,0x00000007401543b8,0x0000000747e80000)
 Metaspace       used 7652K, capacity 8300K, committed 8576K, reserved 1056768K
  class space    used 1008K, capacity 1044K, committed 1152K, reserved 1048576K
}
Event: 0.939 GC heap before
{Heap before GC invocations=8 (full 0):
 PSYoungGen      total 5120K, used 5088K [0x0000000795580000, 0x0000000796080000, 0x00000007c0000000)
  eden space 4096K, 100% used [0x0000000795580000,0x0000000795980000,0x0000000795980000)
  from space 1024K, 96% used [0x0000000795980000,0x0000000795a78010,0x0000000795a80000)
  to   space 1536K, 0% used [0x0000000795f00000,0x0000000795f00000,0x0000000796080000)
 ParOldGen       total 129536K, used 1360K [0x0000000740000000, 0x0000000747e80000, 0x0000000795580000)
  object space 129536K, 1% used [0x0000000740000000,0x00000007401543b8,0x0000000747e80000)
 Metaspace       used 9474K, capacity 9934K, committed 10112K, reserved 1058816K
  class space    used 1328K, capacity 1334K, committed 1408K, reserved 1048576K
Event: 0.941 GC heap after
Heap after GC invocations=8 (full 0):
 PSYoungGen      total 9728K, used 1184K [0x0000000795580000, 0x0000000796080000, 0x00000007c0000000)
  eden space 8192K, 0% used [0x0000000795580000,0x0000000795580000,0x0000000795d80000)
  from space 1536K, 77% used [0x0000000795f00000,0x0000000796028010,0x0000000796080000)
  to   space 1536K, 0% used [0x0000000795d80000,0x0000000795d80000,0x0000000795f00000)
 ParOldGen       total 129536K, used 1472K [0x0000000740000000, 0x0000000747e80000, 0x0000000795580000)
  object space 129536K, 1% used [0x0000000740000000,0x00000007401703b8,0x0000000747e80000)
 Metaspace       used 9474K, capacity 9934K, committed 10112K, reserved 1058816K
  class space    used 1328K, capacity 1334K, committed 1408K, reserved 1048576K
}
Event: 1.380 GC heap before
{Heap before GC invocations=9 (full 0):
 PSYoungGen      total 9728K, used 9333K [0x0000000795580000, 0x0000000796080000, 0x00000007c0000000)
  eden space 8192K, 99% used [0x0000000795580000,0x0000000795d75508,0x0000000795d80000)
  from space 1536K, 77% used [0x0000000795f00000,0x0000000796028010,0x0000000796080000)
  to   space 1536K, 0% used [0x0000000795d80000,0x0000000795d80000,0x0000000795f00000)
 ParOldGen       total 129536K, used 1472K [0x0000000740000000, 0x0000000747e80000, 0x0000000795580000)
  object space 129536K, 1% used [0x0000000740000000,0x00000007401703b8,0x0000000747e80000)
 Metaspace       used 12689K, capacity 12830K, committed 13056K, reserved 1060864K
  class space    used 1936K, capacity 1974K, committed 2048K, reserved 1048576K
Event: 1.385 GC heap after
Heap after GC invocations=9 (full 0):
 PSYoungGen      total 9728K, used 1518K [0x0000000795580000, 0x0000000796780000, 0x00000007c0000000)
  eden space 8192K, 0% used [0x0000000795580000,0x0000000795580000,0x0000000795d80000)
  from space 1536K, 98% used [0x0000000795d80000,0x0000000795efb970,0x0000000795f00000)
  to   space 2560K, 0% used [0x0000000796500000,0x0000000796500000,0x0000000796780000)
 ParOldGen       total 129536K, used 2540K [0x0000000740000000, 0x0000000747e80000, 0x0000000795580000)
  object space 129536K, 1% used [0x0000000740000000,0x000000074027b028,0x0000000747e80000)
 Metaspace       used 12689K, capacity 12830K, committed 13056K, reserved 1060864K
  class space    used 1936K, capacity 1974K, committed 2048K, reserved 1048576K
}
Event: 3.217 GC heap before
{Heap before GC invocations=10 (full 0):
 PSYoungGen      total 9728K, used 9710K [0x0000000795580000, 0x0000000796780000, 0x00000007c0000000)
  eden space 8192K, 99% used [0x0000000795580000,0x0000000795d7fff0,0x0000000795d80000)
  from space 1536K, 98% used [0x0000000795d80000,0x0000000795efb970,0x0000000795f00000)
  to   space 2560K, 0% used [0x0000000796500000,0x0000000796500000,0x0000000796780000)
 ParOldGen       total 129536K, used 2540K [0x0000000740000000, 0x0000000747e80000, 0x0000000795580000)
  object space 129536K, 1% used [0x0000000740000000,0x000000074027b028,0x0000000747e80000)
 Metaspace       used 14633K, capacity 14788K, committed 14848K, reserved 1062912K
  class space    used 2226K, capacity 2264K, committed 2304K, reserved 1048576K
Event: 3.222 GC heap after
Heap after GC invocations=10 (full 0):
 PSYoungGen      total 14848K, used 2554K [0x0000000795580000, 0x0000000796980000, 0x00000007c0000000)
  eden space 12288K, 0% used [0x0000000795580000,0x0000000795580000,0x0000000796180000)
  from space 2560K, 99% used [0x0000000796500000,0x000000079677ea90,0x0000000796780000)
  to   space 3584K, 0% used [0x0000000796180000,0x0000000796180000,0x0000000796500000)
 ParOldGen       total 129536K, used 4644K [0x0000000740000000, 0x0000000747e80000, 0x0000000795580000)
  object space 129536K, 3% used [0x0000000740000000,0x0000000740489038,0x0000000747e80000)
 Metaspace       used 14633K, capacity 14788K, committed 14848K, reserved 1062912K
  class space    used 2226K, capacity 2264K, committed 2304K, reserved 1048576K
}

