# JRE version: Java(TM) SE Runtime Environment (8.0_05-b13) (build 1.8.0_05-b13)
# Java VM: Java HotSpot(TM) 64-Bit Server VM (25.5-b02 mixed mode bsd-amd64 compressed oops)
Heap:
 PSYoungGen      total 8192K, used 6074K [0x0000000166780000, 0x0000000167500000, 0x0000000191200000)
  eden space 6656K, 73% used [0x0000000166780000,0x0000000166c41e28,0x0000000166e00000)
  from space 1536K, 78% used [0x0000000166e00000,0x0000000166f2ca80,0x0000000166f80000)
  to   space 1536K, 0% used [0x0000000167380000,0x0000000167380000,0x0000000167500000)
 ParOldGen       total 129536K, used 2556K [0x0000000111200000, 0x0000000119080000, 0x0000000166780000)
  object space 129536K, 1% used [0x0000000111200000,0x000000011147f090,0x0000000119080000)
 Metaspace       used 13081K, capacity 13228K, committed 13440K, reserved 1060864K
  class space    used 2009K, capacity 2068K, committed 2176K, reserved 1048576K
GC Heap History (10 events):
Event: 0.552 GC heap before
{Heap before GC invocations=7 (full 0):
 PSYoungGen      total 3072K, used 2720K [0x0000000166780000, 0x0000000166b80000, 0x0000000191200000)
  eden space 2048K, 100% used [0x0000000166780000,0x0000000166980000,0x0000000166980000)
  from space 1024K, 65% used [0x0000000166a80000,0x0000000166b28030,0x0000000166b80000)
  to   space 1024K, 0% used [0x0000000166980000,0x0000000166980000,0x0000000166a80000)
 ParOldGen       total 129536K, used 240K [0x0000000111200000, 0x0000000119080000, 0x0000000166780000)
  object space 129536K, 0% used [0x0000000111200000,0x000000011123c000,0x0000000119080000)
 Metaspace       used 5181K, capacity 6532K, committed 6784K, reserved 1056768K
  class space    used 578K, capacity 620K, committed 640K, reserved 1048576K
Event: 0.554 GC heap after
Heap after GC invocations=7 (full 0):
 PSYoungGen      total 3072K, used 832K [0x0000000166780000, 0x0000000166d80000, 0x0000000191200000)
  eden space 2048K, 0% used [0x0000000166780000,0x0000000166780000,0x0000000166980000)
  from space 1024K, 81% used [0x0000000166980000,0x0000000166a50020,0x0000000166a80000)
  to   space 1024K, 0% used [0x0000000166c80000,0x0000000166c80000,0x0000000166d80000)
 ParOldGen       total 129536K, used 636K [0x0000000111200000, 0x0000000119080000, 0x0000000166780000)
  object space 129536K, 0% used [0x0000000111200000,0x000000011129f060,0x0000000119080000)
 Metaspace       used 5181K, capacity 6532K, committed 6784K, reserved 1056768K
  class space    used 578K, capacity 620K, committed 640K, reserved 1048576K
}
Event: 0.621 GC heap before
{Heap before GC invocations=8 (full 0):
 PSYoungGen      total 3072K, used 2880K [0x0000000166780000, 0x0000000166d80000, 0x0000000191200000)
  eden space 2048K, 100% used [0x0000000166780000,0x0000000166980000,0x0000000166980000)
  from space 1024K, 81% used [0x0000000166980000,0x0000000166a50020,0x0000000166a80000)
  to   space 1024K, 0% used [0x0000000166c80000,0x0000000166c80000,0x0000000166d80000)
 ParOldGen       total 129536K, used 636K [0x0000000111200000, 0x0000000119080000, 0x0000000166780000)
  object space 129536K, 0% used [0x0000000111200000,0x000000011129f060,0x0000000119080000)
 Metaspace       used 6036K, capacity 7300K, committed 7424K, reserved 1056768K
  class space    used 721K, capacity 748K, committed 768K, reserved 1048576K
Event: 0.622 GC heap after
Heap after GC invocations=8 (full 0):
 PSYoungGen      total 5120K, used 1008K [0x0000000166780000, 0x0000000166d80000, 0x0000000191200000)
  eden space 4096K, 0% used [0x0000000166780000,0x0000000166780000,0x0000000166b80000)
  from space 1024K, 98% used [0x0000000166c80000,0x0000000166d7c030,0x0000000166d80000)
  to   space 1024K, 0% used [0x0000000166b80000,0x0000000166b80000,0x0000000166c80000)
 ParOldGen       total 129536K, used 724K [0x0000000111200000, 0x0000000119080000, 0x0000000166780000)
  object space 129536K, 0% used [0x0000000111200000,0x00000001112b5060,0x0000000119080000)
 Metaspace       used 6036K, capacity 7300K, committed 7424K, reserved 1056768K
  class space    used 721K, capacity 748K, committed 768K, reserved 1048576K
}
Event: 0.798 GC heap before
{Heap before GC invocations=9 (full 0):
 PSYoungGen      total 5120K, used 5104K [0x0000000166780000, 0x0000000166d80000, 0x0000000191200000)
  eden space 4096K, 100% used [0x0000000166780000,0x0000000166b80000,0x0000000166b80000)
  from space 1024K, 98% used [0x0000000166c80000,0x0000000166d7c030,0x0000000166d80000)
  to   space 1024K, 0% used [0x0000000166b80000,0x0000000166b80000,0x0000000166c80000)
 ParOldGen       total 129536K, used 724K [0x0000000111200000, 0x0000000119080000, 0x0000000166780000)
  object space 129536K, 0% used [0x0000000111200000,0x00000001112b5060,0x0000000119080000)
 Metaspace       used 7534K, capacity 8644K, committed 8832K, reserved 1056768K
  class space    used 1050K, capacity 1068K, committed 1152K, reserved 1048576K
Event: 0.802 GC heap after
Heap after GC invocations=9 (full 0):
 PSYoungGen      total 5120K, used 992K [0x0000000166780000, 0x0000000167100000, 0x0000000191200000)
  eden space 4096K, 0% used [0x0000000166780000,0x0000000166780000,0x0000000166b80000)
  from space 1024K, 96% used [0x0000000166b80000,0x0000000166c78010,0x0000000166c80000)
  to   space 1536K, 0% used [0x0000000166f80000,0x0000000166f80000,0x0000000167100000)
 ParOldGen       total 129536K, used 1292K [0x0000000111200000, 0x0000000119080000, 0x0000000166780000)
  object space 129536K, 0% used [0x0000000111200000,0x0000000111343080,0x0000000119080000)
 Metaspace       used 7534K, capacity 8644K, committed 8832K, reserved 1056768K
  class space    used 1050K, capacity 1068K, committed 1152K, reserved 1048576K
}
Event: 0.998 GC heap before
{Heap before GC invocations=10 (full 0):
 PSYoungGen      total 5120K, used 5088K [0x0000000166780000, 0x0000000167100000, 0x0000000191200000)
  eden space 4096K, 100% used [0x0000000166780000,0x0000000166b80000,0x0000000166b80000)
  from space 1024K, 96% used [0x0000000166b80000,0x0000000166c78010,0x0000000166c80000)
  to   space 1536K, 0% used [0x0000000166f80000,0x0000000166f80000,0x0000000167100000)
 ParOldGen       total 129536K, used 1292K [0x0000000111200000, 0x0000000119080000, 0x0000000166780000)
  object space 129536K, 0% used [0x0000000111200000,0x0000000111343080,0x0000000119080000)
 Metaspace       used 9168K, capacity 10124K, committed 10368K, reserved 1058816K
  class space    used 1295K, capacity 1332K, committed 1408K, reserved 1048576K
Event: 1.002 GC heap after
Heap after GC invocations=10 (full 0):
 PSYoungGen      total 8192K, used 704K [0x0000000166780000, 0x0000000167100000, 0x0000000191200000)
  eden space 6656K, 0% used [0x0000000166780000,0x0000000166780000,0x0000000166e00000)
  from space 1536K, 45% used [0x0000000166f80000,0x0000000167030000,0x0000000167100000)
  to   space 1536K, 0% used [0x0000000166e00000,0x0000000166e00000,0x0000000166f80000)
 ParOldGen       total 129536K, used 1892K [0x0000000111200000, 0x0000000119080000, 0x0000000166780000)
  object space 129536K, 1% used [0x0000000111200000,0x00000001113d9090,0x0000000119080000)
 Metaspace       used 9168K, capacity 10124K, committed 10368K, reserved 1058816K
  class space    used 1295K, capacity 1332K, committed 1408K, reserved 1048576K
}
Event: 1.439 GC heap before
{Heap before GC invocations=11 (full 0):
 PSYoungGen      total 8192K, used 7360K [0x0000000166780000, 0x0000000167100000, 0x0000000191200000)
  eden space 6656K, 100% used [0x0000000166780000,0x0000000166e00000,0x0000000166e00000)
  from space 1536K, 45% used [0x0000000166f80000,0x0000000167030000,0x0000000167100000)
  to   space 1536K, 0% used [0x0000000166e00000,0x0000000166e00000,0x0000000166f80000)
 ParOldGen       total 129536K, used 1892K [0x0000000111200000, 0x0000000119080000, 0x0000000166780000)
  object space 129536K, 1% used [0x0000000111200000,0x00000001113d9090,0x0000000119080000)
 Metaspace       used 11746K, capacity 12396K, committed 12672K, reserved 1060864K
  class space    used 1839K, capacity 1876K, committed 1920K, reserved 1048576K
Event: 1.444 GC heap after
Heap after GC invocations=11 (full 0):
 PSYoungGen      total 8192K, used 1202K [0x0000000166780000, 0x0000000167500000, 0x0000000191200000)
  eden space 6656K, 0% used [0x0000000166780000,0x0000000166780000,0x0000000166e00000)
  from space 1536K, 78% used [0x0000000166e00000,0x0000000166f2ca80,0x0000000166f80000)
  to   space 1536K, 0% used [0x0000000167380000,0x0000000167380000,0x0000000167500000)
 ParOldGen       total 129536K, used 2556K [0x0000000111200000, 0x0000000119080000, 0x0000000166780000)
  object space 129536K, 1% used [0x0000000111200000,0x000000011147f090,0x0000000119080000)
 Metaspace       used 11746K, capacity 12396K, committed 12672K, reserved 1060864K
  class space    used 1839K, capacity 1876K, committed 1920K, reserved 1048576K
}

